2023-01-14 08:15:30,442 INFO o.h.v.i.u.Version [background-preinit] HV000001: Hibernate Validator 6.2.0.Final
2023-01-14 08:15:30,535 INFO o.s.b.StartupInfoLogger [restartedMain] Starting SpringBootAngularBookApplication using Java 17.0.5 on LAPTOP-3PV1EML0 with PID 17972 (C:\Users\tomas\IdeaProjects\spring-boot-angular-book\target\classes started by tomas in C:\Users\tomas\IdeaProjects\spring-boot-angular-book)
2023-01-14 08:15:30,543 DEBUG o.s.b.StartupInfoLogger [restartedMain] Running with Spring Boot v2.6.2, Spring v5.3.14
2023-01-14 08:15:30,544 INFO o.s.b.SpringApplication [restartedMain] No active profile set, falling back to default profiles: default
2023-01-14 08:15:30,624 INFO o.s.b.l.DeferredLog [restartedMain] Devtools property defaults active! Set 'spring.devtools.add-properties' to 'false' to disable
2023-01-14 08:15:30,625 INFO o.s.b.l.DeferredLog [restartedMain] For additional web related logging consider setting the 'logging.level.web' property to 'DEBUG'
2023-01-14 08:15:32,377 INFO o.s.d.r.c.RepositoryConfigurationDelegate [restartedMain] Multiple Spring Data modules found, entering strict repository configuration mode!
2023-01-14 08:15:32,380 INFO o.s.d.r.c.RepositoryConfigurationDelegate [restartedMain] Bootstrapping Spring Data JPA repositories in DEFAULT mode.
2023-01-14 08:15:32,748 INFO o.s.d.r.c.RepositoryConfigurationDelegate [restartedMain] Finished Spring Data repository scanning in 354 ms. Found 2 JPA repository interfaces.
2023-01-14 08:15:32,773 INFO o.s.d.r.c.RepositoryConfigurationDelegate [restartedMain] Multiple Spring Data modules found, entering strict repository configuration mode!
2023-01-14 08:15:32,776 INFO o.s.d.r.c.RepositoryConfigurationDelegate [restartedMain] Bootstrapping Spring Data Redis repositories in DEFAULT mode.
2023-01-14 08:15:32,811 INFO o.s.d.r.c.RepositoryConfigurationExtensionSupport [restartedMain] Spring Data Redis - Could not safely identify store assignment for repository candidate interface com.example.springbootangularbook.antiHero.repository.AntiHeroRepository. If you want this repository to be a Redis repository, consider annotating your entities with one of these annotations: org.springframework.data.redis.core.RedisHash (preferred), or consider extending one of the following types with your repository: org.springframework.data.keyvalue.repository.KeyValueRepository.
2023-01-14 08:15:32,812 INFO o.s.d.r.c.RepositoryConfigurationExtensionSupport [restartedMain] Spring Data Redis - Could not safely identify store assignment for repository candidate interface com.example.springbootangularbook.user.repository.UserRepository. If you want this repository to be a Redis repository, consider annotating your entities with one of these annotations: org.springframework.data.redis.core.RedisHash (preferred), or consider extending one of the following types with your repository: org.springframework.data.keyvalue.repository.KeyValueRepository.
2023-01-14 08:15:32,812 INFO o.s.d.r.c.RepositoryConfigurationDelegate [restartedMain] Finished Spring Data repository scanning in 22 ms. Found 0 Redis repository interfaces.
2023-01-14 08:15:34,250 INFO o.s.b.w.e.t.TomcatWebServer [restartedMain] Tomcat initialized with port(s): 8080 (http)
2023-01-14 08:15:34,270 INFO o.a.j.l.DirectJDKLog [restartedMain] Initializing ProtocolHandler ["http-nio-8080"]
2023-01-14 08:15:34,272 INFO o.a.j.l.DirectJDKLog [restartedMain] Starting service [Tomcat]
2023-01-14 08:15:34,273 INFO o.a.j.l.DirectJDKLog [restartedMain] Starting Servlet engine: [Apache Tomcat/9.0.56]
2023-01-14 08:15:34,900 INFO o.a.j.l.DirectJDKLog [restartedMain] Initializing Spring embedded WebApplicationContext
2023-01-14 08:15:34,901 INFO o.s.b.w.s.c.ServletWebServerApplicationContext [restartedMain] Root WebApplicationContext: initialization completed in 4275 ms
2023-01-14 08:15:34,965 INFO c.z.h.HikariDataSource [restartedMain] HikariPool-1 - Starting...
2023-01-14 08:15:35,250 INFO c.z.h.HikariDataSource [restartedMain] HikariPool-1 - Start completed.
2023-01-14 08:15:35,267 INFO o.s.b.a.h.H2ConsoleAutoConfiguration [restartedMain] H2 console available at '/h2-console'. Database available at 'jdbc:postgresql://localhost:5432/shopify'
2023-01-14 08:15:35,575 INFO o.h.j.i.u.LogHelper [restartedMain] HHH000204: Processing PersistenceUnitInfo [name: default]
2023-01-14 08:15:35,686 INFO o.h.Version [restartedMain] HHH000412: Hibernate ORM core version 5.6.3.Final
2023-01-14 08:15:36,069 INFO o.h.a.c.r.j.JavaReflectionManager [restartedMain] HCANN000001: Hibernate Commons Annotations {5.1.2.Final}
2023-01-14 08:15:36,284 INFO o.h.d.Dialect [restartedMain] HHH000400: Using dialect: org.hibernate.dialect.PostgreSQLDialect
2023-01-14 08:15:37,405 INFO o.h.e.t.j.p.i.JtaPlatformInitiator [restartedMain] HHH000490: Using JtaPlatform implementation: [org.hibernate.engine.transaction.jta.platform.internal.NoJtaPlatform]
2023-01-14 08:15:37,420 INFO o.s.o.j.AbstractEntityManagerFactoryBean [restartedMain] Initialized JPA EntityManagerFactory for persistence unit 'default'
2023-01-14 08:15:38,210 DEBUG o.s.w.f.GenericFilterBean [restartedMain] Filter 'jwtRequestFilter' configured for use
2023-01-14 08:15:38,554 WARN o.s.b.a.o.j.JpaBaseConfiguration$JpaWebConfiguration [restartedMain] spring.jpa.open-in-view is enabled by default. Therefore, database queries may be performed during view rendering. Explicitly configure spring.jpa.open-in-view to disable this warning
2023-01-14 08:15:39,301 INFO o.s.b.a.w.s.WelcomePageHandlerMapping [restartedMain] Adding welcome page: class path resource [public/index.html]
2023-01-14 08:15:41,576 INFO o.s.s.w.DefaultSecurityFilterChain [restartedMain] Will secure Ant [pattern='/**'] with [org.springframework.security.web.context.request.async.WebAsyncManagerIntegrationFilter@23f6a2fe, org.springframework.security.web.context.SecurityContextPersistenceFilter@74dafcfe, org.springframework.security.web.header.HeaderWriterFilter@6a49f036, org.springframework.security.web.authentication.logout.LogoutFilter@4a2d4fdf, com.example.springbootangularbook.jwt.filters.JwtRequestFilter@4622d85, org.springframework.security.web.savedrequest.RequestCacheAwareFilter@7ff706a1, org.springframework.security.web.servletapi.SecurityContextHolderAwareRequestFilter@4268bf98, org.springframework.security.web.authentication.AnonymousAuthenticationFilter@17ac5c35, org.springframework.security.web.session.SessionManagementFilter@64ff6435, org.springframework.security.web.access.ExceptionTranslationFilter@6d75d8f2, org.springframework.security.web.access.intercept.FilterSecurityInterceptor@7f1d2b60]
2023-01-14 08:15:41,676 INFO o.s.b.d.a.OptionalLiveReloadServer [restartedMain] LiveReload server is running on port 35729
2023-01-14 08:15:41,741 INFO o.a.j.l.DirectJDKLog [restartedMain] Starting ProtocolHandler ["http-nio-8080"]
2023-01-14 08:15:41,795 INFO o.s.b.w.e.t.TomcatWebServer [restartedMain] Tomcat started on port(s): 8080 (http) with context path ''
2023-01-14 08:15:41,814 INFO o.s.b.StartupInfoLogger [restartedMain] Started SpringBootAngularBookApplication in 12.364 seconds (JVM running for 14.5)
2023-01-14 08:16:04,530 INFO o.a.j.l.DirectJDKLog [http-nio-8080-exec-1] Initializing Spring DispatcherServlet 'dispatcherServlet'
2023-01-14 08:16:04,530 INFO o.s.w.s.FrameworkServlet [http-nio-8080-exec-1] Initializing Servlet 'dispatcherServlet'
2023-01-14 08:16:04,531 INFO o.s.w.s.FrameworkServlet [http-nio-8080-exec-1] Completed initialization in 1 ms
2023-01-14 08:16:49,662 INFO c.e.s.a.c.AntiHeroController [http-nio-8080-exec-10] Using SLF4J: Getting anti hero list - getAntiHeroes()
2023-01-14 08:17:13,112 INFO c.e.s.a.c.AntiHeroController [http-nio-8080-exec-2] Using SLF4J: Getting anti hero list - getAntiHeroes()
2023-01-14 08:17:31,455 INFO c.e.s.a.c.AntiHeroController [http-nio-8080-exec-6] Using SLF4J: Getting anti hero list - getAntiHeroes()
